<?xml version="1.0" encoding="UTF-8"?>
<testsuite name="PasswordCheckerTest" tests="2" skipped="0" failures="0" errors="0" timestamp="2019-12-07T18:26:00" hostname="godmaster" time="0.048">
  <properties/>
  <testcase name="passwordIsValid()" classname="PasswordCheckerTest" time="0.045"/>
  <testcase name="passwordIsOk()" classname="PasswordCheckerTest" time="0.001"/>
  <system-out><![CDATA[Password is Valid
]]></system-out>
  <system-err><![CDATA[]]></system-err>
</testsuite>
