<?xml version="1.0" encoding="UTF-8"?>
<testsuite name="PasswordIsValidTest" tests="2" skipped="0" failures="0" errors="0" timestamp="2019-12-05T10:20:48" hostname="recruit-ThinkCentre-M73" time="0.017">
  <properties/>
  <testcase name="passwordCheck()" classname="PasswordIsValidTest" time="0.014"/>
  <testcase name="passWordIsOK()" classname="PasswordIsValidTest" time="0.001"/>
  <system-out><![CDATA[Password is Ok!!
]]></system-out>
  <system-err><![CDATA[Invalid Password
]]></system-err>
</testsuite>
